2023-01-09 09:26:02,898  INFO [main] 0:31 - Browser is Opened
2023-01-09 09:26:03,078  INFO [main] 0:33 - Browser is Maximized
2023-01-09 09:26:05,924  INFO [main] 0:36 - URL is Opened
2023-01-09 09:26:06,492  INFO [main] 0:40 - UserName Entered
2023-01-09 09:26:16,686  INFO [main] 0:43 - Password Entered
2023-01-09 09:26:16,802  INFO [main] 0:45 - Login Button Clicked
2023-01-09 09:26:18,281  INFO [main] 0:19 - News: happy new year..........( '_' )
2023-01-09 09:26:18,833  INFO [main] 0:29 - 2023-01-09 03:56:17
2023-01-09 09:26:19,935  INFO [main] 0:40 - Language is changed
2023-01-09 09:26:22,784  INFO [main] 0:49 - Profile Icon is Clicked
2023-01-09 09:26:22,786  INFO [main] 0:50 - Profile is Clicked
2023-01-09 09:26:22,789  INFO [main] 0:51 - My Profile Page is Opened
2023-01-09 09:26:26,442  INFO [main] 0:63 - Profile Icon is Clicked
2023-01-09 09:26:26,443  INFO [main] 0:64 - Change Password is Clicked
2023-01-09 09:26:30,570  INFO [main] 0:78 - Profile Icon is Clicked
2023-01-09 09:26:30,571  INFO [main] 0:79 - Change Password is Clicked
2023-01-09 09:26:34,579  INFO [main] 0:91 - Profile Icon is Clicked
2023-01-09 09:26:34,580  INFO [main] 0:92 - Change Password is Clicked
2023-01-09 09:26:34,581  INFO [main] 0:93 - Password Change Successfully
2023-01-09 09:26:39,923  INFO [main] 0:105 - Profile Icon is Clicked
2023-01-09 09:26:39,924  INFO [main] 0:106 - Logout is Clicked
2023-01-09 09:26:39,925  INFO [main] 0:107 - Logout Successfully
